<?xml version="1.0" encoding="UTF-8"?>
<!-- Generated by org.testng.reporters.JUnitReportReporter -->
<testsuite hostname="DESKTOP-OL3DFRR" failures="0" tests="1" name="demo.SampleTest" time="0.014" errors="0" timestamp="2024-10-30T12:31:51 IST" skipped="0">
  <testcase classname="demo.SampleTest" name="demo" time="0.014"/>
  <system-out>
    <![CDATA[Sample Class Executed]]>
  </system-out>
</testsuite> <!-- demo.SampleTest -->
