<?xml version="1.0" encoding="UTF-8"?>
<!-- Generated by org.testng.reporters.JUnitReportReporter -->
<testsuite hostname="DESKTOP-OL3DFRR" failures="0" tests="1" name="cars.AudiTest" time="11.021" errors="0" timestamp="2024-11-05T16:10:31 IST" skipped="0">
  <testcase classname="cars.AudiTest" name="launch" time="11.021"/>
  <system-out>
    <![CDATA[Audi launched succesfully!]]>
  </system-out>
</testsuite> <!-- cars.AudiTest -->
