<?xml version="1.0" encoding="UTF-8"?>
<!-- Generated by org.testng.reporters.JUnitReportReporter -->
<testsuite hostname="DESKTOP-OL3DFRR" failures="0" tests="1" name="cars.FerrariTest" time="13.398" errors="0" timestamp="2024-11-05T16:10:31 IST" skipped="0">
  <testcase classname="cars.FerrariTest" name="launch" time="13.398"/>
  <system-out>
    <![CDATA[Ferrari launched succesfully!]]>
  </system-out>
</testsuite> <!-- cars.FerrariTest -->
