<?xml version="1.0" encoding="UTF-8"?>
<!-- Generated by org.testng.reporters.JUnitReportReporter -->
<testsuite hostname="DESKTOP-OL3DFRR" failures="0" tests="1" name="extentReport.ToLearnExtentReport" time="0.712" errors="0" timestamp="2024-11-07T13:12:06 IST" skipped="0">
  <testcase classname="extentReport.ToLearnExtentReport" name="report" time="0.712"/>
  <system-out/>
</testsuite> <!-- extentReport.ToLearnExtentReport -->
