<?xml version="1.0" encoding="UTF-8"?>
<!-- Generated by org.testng.reporters.JUnitReportReporter -->
<testsuite hostname="DESKTOP-OL3DFRR" failures="0" tests="1" name="practice.KeyboardActions" time="6.242" errors="0" timestamp="2024-11-07T16:53:52 IST" skipped="0">
  <testcase classname="practice.KeyboardActions" name="keyboard" time="6.242"/>
  <system-out/>
</testsuite> <!-- practice.KeyboardActions -->
