<?xml version="1.0" encoding="UTF-8"?>
<!-- Generated by org.testng.reporters.JUnitReportReporter -->
<testsuite hostname="DESKTOP-OL3DFRR" failures="0" tests="1" name="practice.Alert" time="11.491" errors="0" timestamp="2024-11-07T21:07:39 IST" skipped="0">
  <testcase classname="practice.Alert" name="handlealert" time="11.491"/>
  <system-out/>
</testsuite> <!-- practice.Alert -->
