<?xml version="1.0" encoding="UTF-8"?>
<!-- Generated by org.testng.reporters.JUnitReportReporter -->
<testsuite hostname="DESKTOP-OL3DFRR" failures="0" tests="1" name="extentReport.ToAttachScreenShot" time="17.953" errors="0" timestamp="2024-11-07T13:40:06 IST" skipped="0">
  <testcase classname="extentReport.ToAttachScreenShot" name="addScreenShot" time="17.953"/>
  <system-out/>
</testsuite> <!-- extentReport.ToAttachScreenShot -->
